Using pre-set license
Built from '2020.2/staging' branch; Version is '2020.2.7f1 (c53830e277f1) revision 12924976'; Using compiler version '192528614'; Build Type 'Release'
OS: 'Windows 10 Home; OS build 19041.630; Version 2004; 64bit' Language: 'en' Physical Memory: 16309 MB
BatchMode: 1, IsHumanControllingUs: 0, StartBugReporterOnCrash: 0, Is64bit: 1, IsPro: 0

 COMMAND LINE ARGUMENTS:
C:\Program Files\Unity\Hub\Editor\2020.2.7f1\Editor\Unity.exe
-adb2
-batchMode
-noUpm
-name
AssetImportWorker0
-projectPath
C:/Users/Tomas/Documents/HeresyGamedev/HeresyGamedevGit/HeresyGamedevThing
-logFile
Logs/AssetImportWorker0.log
-srvPort
53877
Successfully changed project path to: C:/Users/Tomas/Documents/HeresyGamedev/HeresyGamedevGit/HeresyGamedevThing
C:/Users/Tomas/Documents/HeresyGamedev/HeresyGamedevGit/HeresyGamedevThing
Using Asset Import Pipeline V2.
Refreshing native plugins compatible for Editor in 36.24 ms, found 0 plugins.
Preloading 0 native plugins for Editor in 0.00 ms.
Initialize engine version: 2020.2.7f1 (c53830e277f1)
[Subsystems] Discovering subsystems at path C:/Program Files/Unity/Hub/Editor/2020.2.7f1/Editor/Data/Resources/UnitySubsystems
[Subsystems] Discovering subsystems at path C:/Users/Tomas/Documents/HeresyGamedev/HeresyGamedevGit/HeresyGamedevThing/Assets
GfxDevice: creating device client; threaded=0
Direct3D:
    Version:  Direct3D 11.0 [level 11.1]
    Renderer: NVIDIA GeForce GTX 1050 Ti (ID=0x1c82)
    Vendor:   
    VRAM:     4018 MB
    Driver:   27.21.14.5671
Initialize mono
Mono path[0] = 'C:/Program Files/Unity/Hub/Editor/2020.2.7f1/Editor/Data/Managed'
Mono path[1] = 'C:/Program Files/Unity/Hub/Editor/2020.2.7f1/Editor/Data/MonoBleedingEdge/lib/mono/unityjit'
Mono config path = 'C:/Program Files/Unity/Hub/Editor/2020.2.7f1/Editor/Data/MonoBleedingEdge/etc'
Using monoOptions --debugger-agent=transport=dt_socket,embedding=1,server=y,suspend=n,address=127.0.0.1:56292
Begin MonoManager ReloadAssembly
Registering precompiled unity dll's ...
Register platform support module: C:/Program Files/Unity/Hub/Editor/2020.2.7f1/Editor/Data/PlaybackEngines/WindowsStandaloneSupport/UnityEditor.WindowsStandalone.Extensions.dll
Registered in 0.003591 seconds.
Native extension for WindowsStandalone target not found
Refreshing native plugins compatible for Editor in 41.61 ms, found 0 plugins.
Preloading 0 native plugins for Editor in 0.00 ms.
Invoked RoslynAnalysisRunner static constructor.
RoslynAnalysisRunner will not be running.
RoslynAnalysisRunner has terminated.
Mono: successfully reloaded assembly
- Completed reload, in  1.818 seconds
Platform modules already initialized, skipping
Registering precompiled user dll's ...
Registered in 0.001557 seconds.
Begin MonoManager ReloadAssembly
Native extension for WindowsStandalone target not found
Refreshing native plugins compatible for Editor in 0.43 ms, found 0 plugins.
Preloading 0 native plugins for Editor in 0.00 ms.
Invoked RoslynAnalysisRunner static constructor.
RoslynAnalysisRunner will not be running.
RoslynAnalysisRunner has terminated.
Mono: successfully reloaded assembly
- Completed reload, in  1.527 seconds
Platform modules already initialized, skipping
========================================================================
Worker process is ready to serve import requests
Launched and connected shader compiler UnityShaderCompiler.exe after 0.07 seconds
Refreshing native plugins compatible for Editor in 0.75 ms, found 0 plugins.
Preloading 0 native plugins for Editor in 0.00 ms.
Unloading 1113 Unused Serialized files (Serialized files now loaded: 0)
System memory in use before: 57.2 MB.
System memory in use after: 57.2 MB.

Unloading 10 unused Assets to reduce memory usage. Loaded Objects now: 1555.
Total: 10.192800 ms (FindLiveObjects: 0.304300 ms CreateObjectMapping: 0.045200 ms MarkObjects: 8.277200 ms  DeleteObjects: 0.408200 ms)

========================================================================
Received Import Request.
  path: Assets
  artifactKey: Guid(00000000000000001000000000000000) Importer(815301076,1909f56bfc062723c751e8b465ee728b)
Start importing Assets using Guid(00000000000000001000000000000000) Importer(815301076,1909f56bfc062723c751e8b465ee728b)  -> (artifact id: 'f89434ac489deb914593f829e0a47671') in 0.019388 seconds
  Import took 0.045084 seconds .

========================================================================
Received Import Request.
  Time since last request: 3.546932 seconds.
  path: Assets/NutCode.cs
  artifactKey: Guid(9f1e736bf8136b440bf52e1113eff5a5) Importer(815301076,1909f56bfc062723c751e8b465ee728b)
Start importing Assets/NutCode.cs using Guid(9f1e736bf8136b440bf52e1113eff5a5) Importer(815301076,1909f56bfc062723c751e8b465ee728b)  -> (artifact id: 'aaf8e535147d40dd5b36e63999b2644f') in 0.153414 seconds
  Import took 0.157854 seconds .

========================================================================
Received Prepare
Registering precompiled user dll's ...
Registered in 0.001285 seconds.
Begin MonoManager ReloadAssembly
Native extension for WindowsStandalone target not found
Refreshing native plugins compatible for Editor in 0.97 ms, found 0 plugins.
Preloading 0 native plugins for Editor in 0.00 ms.
Invoked RoslynAnalysisRunner static constructor.
RoslynAnalysisRunner will not be running.
RoslynAnalysisRunner has terminated.
Mono: successfully reloaded assembly
- Completed reload, in  1.357 seconds
Platform modules already initialized, skipping
Refreshing native plugins compatible for Editor in 0.25 ms, found 0 plugins.
Preloading 0 native plugins for Editor in 0.00 ms.
Unloading 1109 Unused Serialized files (Serialized files now loaded: 0)
System memory in use before: 57.2 MB.
System memory in use after: 57.2 MB.

Unloading 5 unused Assets to reduce memory usage. Loaded Objects now: 1559.
Total: 3.360200 ms (FindLiveObjects: 0.437100 ms CreateObjectMapping: 0.056900 ms MarkObjects: 2.719600 ms  DeleteObjects: 0.143400 ms)

========================================================================
Received Import Request.
  Time since last request: 228.420582 seconds.
  path: Assets/Scenes
  artifactKey: Guid(2780e17770a275447b4fcbeb5e7941e1) Importer(815301076,1909f56bfc062723c751e8b465ee728b)
Start importing Assets/Scenes using Guid(2780e17770a275447b4fcbeb5e7941e1) Importer(815301076,1909f56bfc062723c751e8b465ee728b)  -> (artifact id: 'a7385fefe3f247fd2f4543d614136908') in 0.022749 seconds
  Import took 0.083930 seconds .

========================================================================
Received Import Request.
  Time since last request: 21.586745 seconds.
  path: Assets/Ground.mat
  artifactKey: Guid(83076a1e9206bc940a3bd842b4159d2a) Importer(815301076,1909f56bfc062723c751e8b465ee728b)
Start importing Assets/Ground.mat using Guid(83076a1e9206bc940a3bd842b4159d2a) Importer(815301076,1909f56bfc062723c751e8b465ee728b)  -> (artifact id: '8a9996d159403fb25951fda4840498f7') in 0.931088 seconds
  Import took 0.960870 seconds .

========================================================================
Received Import Request.
  Time since last request: 268.056407 seconds.
  path: Assets/NutCode.cs
  artifactKey: Guid(9f1e736bf8136b440bf52e1113eff5a5) Importer(815301076,1909f56bfc062723c751e8b465ee728b)
Start importing Assets/NutCode.cs using Guid(9f1e736bf8136b440bf52e1113eff5a5) Importer(815301076,1909f56bfc062723c751e8b465ee728b)  -> (artifact id: '03dc83497d7acc2cb2677220435375b0') in 0.005523 seconds
  Import took 0.029771 seconds .

========================================================================
Received Import Request.
  Time since last request: 1.149193 seconds.
  path: Assets/Ground.mat
  artifactKey: Guid(83076a1e9206bc940a3bd842b4159d2a) Importer(815301076,1909f56bfc062723c751e8b465ee728b)
Start importing Assets/Ground.mat using Guid(83076a1e9206bc940a3bd842b4159d2a) Importer(815301076,1909f56bfc062723c751e8b465ee728b)  -> (artifact id: 'bb41f176ef0258d9697859fe65d36a34') in 0.085890 seconds
  Import took 0.146080 seconds .

========================================================================
Received Import Request.
  Time since last request: 9.422169 seconds.
  path: Assets/NutCode.cs
  artifactKey: Guid(9f1e736bf8136b440bf52e1113eff5a5) Importer(815301076,1909f56bfc062723c751e8b465ee728b)
Start importing Assets/NutCode.cs using Guid(9f1e736bf8136b440bf52e1113eff5a5) Importer(815301076,1909f56bfc062723c751e8b465ee728b)  -> (artifact id: 'ebcb646fb28337a6909e5210b7e1a1ca') in 0.010401 seconds
  Import took 0.054175 seconds .

========================================================================
Received Import Request.
  Time since last request: 281.328571 seconds.
  path: Assets/nut.jpg
  artifactKey: Guid(94d4841327fee9147864b59af6a27401) Importer(815301076,1909f56bfc062723c751e8b465ee728b)
Start importing Assets/nut.jpg using Guid(94d4841327fee9147864b59af6a27401) Importer(815301076,1909f56bfc062723c751e8b465ee728b)  -> (artifact id: 'd3381749349a271bc353055f29ee276b') in 0.254762 seconds
  Import took 0.282127 seconds .

========================================================================
Received Prepare
Registering precompiled user dll's ...
Registered in 0.001013 seconds.
Begin MonoManager ReloadAssembly
Native extension for WindowsStandalone target not found
Refreshing native plugins compatible for Editor in 0.29 ms, found 0 plugins.
Preloading 0 native plugins for Editor in 0.00 ms.
Invoked RoslynAnalysisRunner static constructor.
RoslynAnalysisRunner will not be running.
RoslynAnalysisRunner has terminated.
Mono: successfully reloaded assembly
- Completed reload, in  1.155 seconds
Platform modules already initialized, skipping
Refreshing native plugins compatible for Editor in 0.39 ms, found 0 plugins.
Preloading 0 native plugins for Editor in 0.00 ms.
Unloading 1109 Unused Serialized files (Serialized files now loaded: 0)
System memory in use before: 60.6 MB.
System memory in use after: 60.6 MB.

Unloading 5 unused Assets to reduce memory usage. Loaded Objects now: 1603.
Total: 3.425800 ms (FindLiveObjects: 0.299100 ms CreateObjectMapping: 0.051000 ms MarkObjects: 2.990400 ms  DeleteObjects: 0.083700 ms)

========================================================================
Received Import Request.
  Time since last request: 105.260084 seconds.
  path: Assets/NutCode.cs
  artifactKey: Guid(9f1e736bf8136b440bf52e1113eff5a5) Importer(815301076,1909f56bfc062723c751e8b465ee728b)
Start importing Assets/NutCode.cs using Guid(9f1e736bf8136b440bf52e1113eff5a5) Importer(815301076,1909f56bfc062723c751e8b465ee728b)  -> (artifact id: '9c3f231457414508c2fd6a1b490a26cf') in 0.009850 seconds
  Import took 0.033357 seconds .

========================================================================
Received Prepare
Registering precompiled user dll's ...
Registered in 0.001319 seconds.
Begin MonoManager ReloadAssembly
Native extension for WindowsStandalone target not found
Refreshing native plugins compatible for Editor in 0.39 ms, found 0 plugins.
Preloading 0 native plugins for Editor in 0.00 ms.
Invoked RoslynAnalysisRunner static constructor.
RoslynAnalysisRunner will not be running.
RoslynAnalysisRunner has terminated.
Mono: successfully reloaded assembly
- Completed reload, in  1.251 seconds
Platform modules already initialized, skipping
Refreshing native plugins compatible for Editor in 0.49 ms, found 0 plugins.
Preloading 0 native plugins for Editor in 0.00 ms.
Unloading 1109 Unused Serialized files (Serialized files now loaded: 0)
System memory in use before: 60.6 MB.
System memory in use after: 60.7 MB.

Unloading 5 unused Assets to reduce memory usage. Loaded Objects now: 1606.
Total: 2.365700 ms (FindLiveObjects: 0.196700 ms CreateObjectMapping: 0.036800 ms MarkObjects: 2.037000 ms  DeleteObjects: 0.093900 ms)

AssetImportWorkerClient::OnTransportError - code=2 error=End of file
